<?xml version="1.0" encoding="UTF-8"?>
<testsuites name="jest tests" tests="2" failures="0" errors="0" time="3.751">
  <testsuite name="로그인" errors="0" failures="0" skipped="0" timestamp="2024-02-20T07:42:15" time="3.442" tests="1">
    <testcase classname="로그인 패스워드 오류 테스트" name="로그인 패스워드 오류 테스트" time="0.341">
    </testcase>
  </testsuite>
  <testsuite name="로그인" errors="0" failures="0" skipped="0" timestamp="2024-02-20T07:42:15" time="3.441" tests="1">
    <testcase classname="로그인 정상 케이스 테스트" name="로그인 정상 케이스 테스트" time="0.766">
    </testcase>
  </testsuite>
</testsuites>